              :-) GROMACS - gmx mdrun, 2021.4-Ubuntu-2021.4-2 (-:

                            GROMACS is written by:
     Andrey Alekseenko              Emile Apol              Rossen Apostolov     
         Paul Bauer           Herman J.C. Berendsen           Par Bjelkmar       
       Christian Blau           Viacheslav Bolnykh             Kevin Boyd        
     Aldert van Buuren           Rudi van Drunen             Anton Feenstra      
    Gilles Gouaillardet             Alan Gray               Gerrit Groenhof      
       Anca Hamuraru            Vincent Hindriksen          M. Eric Irrgang      
      Aleksei Iupinov           Christoph Junghans             Joe Jordan        
    Dimitrios Karkoulis            Peter Kasson                Jiri Kraus        
      Carsten Kutzner              Per Larsson              Justin A. Lemkul     
       Viveca Lindahl            Magnus Lundborg             Erik Marklund       
        Pascal Merz             Pieter Meulenhoff            Teemu Murtola       
        Szilard Pall               Sander Pronk              Roland Schulz       
       Michael Shirts            Alexey Shvetsov             Alfons Sijbers      
       Peter Tieleman              Jon Vincent              Teemu Virolainen     
     Christian Wennberg            Maarten Wolf              Artem Zhmurov       
                           and the project leaders:
        Mark Abraham, Berk Hess, Erik Lindahl, and David van der Spoel

Copyright (c) 1991-2000, University of Groningen, The Netherlands.
Copyright (c) 2001-2019, The GROMACS development team at
Uppsala University, Stockholm University and
the Royal Institute of Technology, Sweden.
check out http://www.gromacs.org for more information.

GROMACS is free software; you can redistribute it and/or modify it
under the terms of the GNU Lesser General Public License
as published by the Free Software Foundation; either version 2.1
of the License, or (at your option) any later version.

GROMACS:      gmx mdrun, version 2021.4-Ubuntu-2021.4-2
Executable:   /usr/bin/gmx
Data prefix:  /usr
Working dir:  /mnt/d/SPRING_2024/VISCOSITY/MD-VALIDATION/COMPARE_A-B/Molecules/2
Process ID:   780
Command line:
  gmx mdrun -v -nt 12 -deffnm mini

GROMACS version:    2021.4-Ubuntu-2021.4-2
Precision:          mixed
Memory model:       64 bit
MPI library:        thread_mpi
OpenMP support:     enabled (GMX_OPENMP_MAX_THREADS = 64)
GPU support:        disabled
SIMD instructions:  SSE4.1
FFT library:        fftw-3.3.8-sse2-avx
RDTSCP usage:       enabled
TNG support:        enabled
Hwloc support:      hwloc-2.5.0
Tracing support:    disabled
C compiler:         /usr/bin/cc GNU 11.2.0
C compiler flags:   -msse4.1 -Wno-missing-field-initializers -fexcess-precision=fast -funroll-all-loops -O3 -DNDEBUG
C++ compiler:       /usr/bin/c++ GNU 11.2.0
C++ compiler flags: -msse4.1 -Wno-missing-field-initializers -fexcess-precision=fast -funroll-all-loops -fopenmp -O3 -DNDEBUG


Running on 1 node with total 12 cores, 20 logical cores
Hardware detected:
  CPU info:
    Vendor: Intel
    Brand:  12th Gen Intel(R) Core(TM) i7-12700K
    Family: 6   Model: 151   Stepping: 2
    Features: aes apic avx avx2 clfsh cmov cx8 cx16 f16c fma htt intel lahf mmx msr nonstop_tsc pcid pclmuldq pdcm pdpe1gb popcnt pse rdrnd rdtscp sha sse2 sse3 sse4.1 sse4.2 ssse3 x2apic
  Hardware topology: Basic
    Sockets, cores, and logical processors:
      Socket  0: [   0   1] [   2   3] [   4   5] [   6   7] [   8   9] [  10  11] [  12  13] [  14  15] [  16] [  17] [  18] [  19]

Highest SIMD level supported by all nodes in run: AVX2_256
SIMD instructions selected at compile time:       SSE4.1
This program was compiled for different hardware than you are running on,
which could influence performance.

++++ PLEASE READ AND CITE THE FOLLOWING REFERENCE ++++
M. J. Abraham, T. Murtola, R. Schulz, S. Páll, J. C. Smith, B. Hess, E.
Lindahl
GROMACS: High performance molecular simulations through multi-level
parallelism from laptops to supercomputers
SoftwareX 1 (2015) pp. 19-25
-------- -------- --- Thank You --- -------- --------


++++ PLEASE READ AND CITE THE FOLLOWING REFERENCE ++++
S. Páll, M. J. Abraham, C. Kutzner, B. Hess, E. Lindahl
Tackling Exascale Software Challenges in Molecular Dynamics Simulations with
GROMACS
In S. Markidis & E. Laure (Eds.), Solving Software Challenges for Exascale 8759 (2015) pp. 3-27
-------- -------- --- Thank You --- -------- --------


++++ PLEASE READ AND CITE THE FOLLOWING REFERENCE ++++
S. Pronk, S. Páll, R. Schulz, P. Larsson, P. Bjelkmar, R. Apostolov, M. R.
Shirts, J. C. Smith, P. M. Kasson, D. van der Spoel, B. Hess, and E. Lindahl
GROMACS 4.5: a high-throughput and highly parallel open source molecular
simulation toolkit
Bioinformatics 29 (2013) pp. 845-54
-------- -------- --- Thank You --- -------- --------


++++ PLEASE READ AND CITE THE FOLLOWING REFERENCE ++++
B. Hess and C. Kutzner and D. van der Spoel and E. Lindahl
GROMACS 4: Algorithms for highly efficient, load-balanced, and scalable
molecular simulation
J. Chem. Theory Comput. 4 (2008) pp. 435-447
-------- -------- --- Thank You --- -------- --------


++++ PLEASE READ AND CITE THE FOLLOWING REFERENCE ++++
D. van der Spoel, E. Lindahl, B. Hess, G. Groenhof, A. E. Mark and H. J. C.
Berendsen
GROMACS: Fast, Flexible and Free
J. Comp. Chem. 26 (2005) pp. 1701-1719
-------- -------- --- Thank You --- -------- --------


++++ PLEASE READ AND CITE THE FOLLOWING REFERENCE ++++
E. Lindahl and B. Hess and D. van der Spoel
GROMACS 3.0: A package for molecular simulation and trajectory analysis
J. Mol. Mod. 7 (2001) pp. 306-317
-------- -------- --- Thank You --- -------- --------


++++ PLEASE READ AND CITE THE FOLLOWING REFERENCE ++++
H. J. C. Berendsen, D. van der Spoel and R. van Drunen
GROMACS: A message-passing parallel molecular dynamics implementation
Comp. Phys. Comm. 91 (1995) pp. 43-56
-------- -------- --- Thank You --- -------- --------

Input Parameters:
   integrator                     = steep
   tinit                          = 0
   dt                             = 0.001
   nsteps                         = 50000
   init-step                      = 0
   simulation-part                = 1
   mts                            = false
   comm-mode                      = Linear
   nstcomm                        = 100
   bd-fric                        = 0
   ld-seed                        = -539019793
   emtol                          = 1000
   emstep                         = 0.01
   niter                          = 20
   fcstep                         = 0
   nstcgsteep                     = 1000
   nbfgscorr                      = 10
   rtpi                           = 0.05
   nstxout                        = 0
   nstvout                        = 0
   nstfout                        = 0
   nstlog                         = 1000
   nstcalcenergy                  = 100
   nstenergy                      = 1000
   nstxout-compressed             = 0
   compressed-x-precision         = 1000
   cutoff-scheme                  = Verlet
   nstlist                        = 1
   pbc                            = xyz
   periodic-molecules             = false
   verlet-buffer-tolerance        = 0.005
   rlist                          = 1
   coulombtype                    = PME
   coulomb-modifier               = Potential-shift
   rcoulomb-switch                = 0
   rcoulomb                       = 1
   epsilon-r                      = 1
   epsilon-rf                     = inf
   vdw-type                       = Cut-off
   vdw-modifier                   = Potential-shift
   rvdw-switch                    = 0
   rvdw                           = 1
   DispCorr                       = No
   table-extension                = 1
   fourierspacing                 = 0.12
   fourier-nx                     = 64
   fourier-ny                     = 64
   fourier-nz                     = 192
   pme-order                      = 4
   ewald-rtol                     = 1e-05
   ewald-rtol-lj                  = 0.001
   lj-pme-comb-rule               = Geometric
   ewald-geometry                 = 0
   epsilon-surface                = 0
   tcoupl                         = No
   nsttcouple                     = -1
   nh-chain-length                = 0
   print-nose-hoover-chain-variables = false
   pcoupl                         = No
   pcoupltype                     = Isotropic
   nstpcouple                     = -1
   tau-p                          = 1
   compressibility (3x3):
      compressibility[    0]={ 0.00000e+00,  0.00000e+00,  0.00000e+00}
      compressibility[    1]={ 0.00000e+00,  0.00000e+00,  0.00000e+00}
      compressibility[    2]={ 0.00000e+00,  0.00000e+00,  0.00000e+00}
   ref-p (3x3):
      ref-p[    0]={ 0.00000e+00,  0.00000e+00,  0.00000e+00}
      ref-p[    1]={ 0.00000e+00,  0.00000e+00,  0.00000e+00}
      ref-p[    2]={ 0.00000e+00,  0.00000e+00,  0.00000e+00}
   refcoord-scaling               = No
   posres-com (3):
      posres-com[0]= 0.00000e+00
      posres-com[1]= 0.00000e+00
      posres-com[2]= 0.00000e+00
   posres-comB (3):
      posres-comB[0]= 0.00000e+00
      posres-comB[1]= 0.00000e+00
      posres-comB[2]= 0.00000e+00
   QMMM                           = false
qm-opts:
   ngQM                           = 0
   constraint-algorithm           = Lincs
   continuation                   = false
   Shake-SOR                      = false
   shake-tol                      = 0.0001
   lincs-order                    = 4
   lincs-iter                     = 1
   lincs-warnangle                = 30
   nwall                          = 0
   wall-type                      = 9-3
   wall-r-linpot                  = -1
   wall-atomtype[0]               = -1
   wall-atomtype[1]               = -1
   wall-density[0]                = 0
   wall-density[1]                = 0
   wall-ewald-zfac                = 3
   pull                           = false
   awh                            = false
   rotation                       = false
   interactiveMD                  = false
   disre                          = No
   disre-weighting                = Conservative
   disre-mixed                    = false
   dr-fc                          = 1000
   dr-tau                         = 0
   nstdisreout                    = 100
   orire-fc                       = 0
   orire-tau                      = 0
   nstorireout                    = 100
   free-energy                    = no
   cos-acceleration               = 0
   deform (3x3):
      deform[    0]={ 0.00000e+00,  0.00000e+00,  0.00000e+00}
      deform[    1]={ 0.00000e+00,  0.00000e+00,  0.00000e+00}
      deform[    2]={ 0.00000e+00,  0.00000e+00,  0.00000e+00}
   simulated-tempering            = false
   swapcoords                     = no
   userint1                       = 0
   userint2                       = 0
   userint3                       = 0
   userint4                       = 0
   userreal1                      = 0
   userreal2                      = 0
   userreal3                      = 0
   userreal4                      = 0
   applied-forces:
     electric-field:
       x:
         E0                       = 0
         omega                    = 0
         t0                       = 0
         sigma                    = 0
       y:
         E0                       = 0
         omega                    = 0
         t0                       = 0
         sigma                    = 0
       z:
         E0                       = 0
         omega                    = 0
         t0                       = 0
         sigma                    = 0
     density-guided-simulation:
       active                     = false
       group                      = protein
       similarity-measure         = inner-product
       atom-spreading-weight      = unity
       force-constant             = 1e+09
       gaussian-transform-spreading-width = 0.2
       gaussian-transform-spreading-range-in-multiples-of-width = 4
       reference-density-filename = reference.mrc
       nst                        = 1
       normalize-densities        = true
       adaptive-force-scaling     = false
       adaptive-force-scaling-time-constant = 4
       shift-vector               = 
       transformation-matrix      = 
grpopts:
   nrdf:      170841
   ref-t:           0
   tau-t:           0
annealing:          No
annealing-npoints:           0
   acc:	           0           0           0
   nfreeze:           N           N           N
   energygrp-flags[  0]: 0

Using 1 MPI thread
Using 12 OpenMP threads 


NOTE: The number of threads is not equal to the number of (logical) cores
      and the -pin option is set to auto: will not pin threads to cores.
      This can lead to significant performance degradation.
      Consider using -pin on (and -pinoffset in case you run multiple jobs).
System total charge: 0.000
Will do PME sum in reciprocal space for electrostatic interactions.

++++ PLEASE READ AND CITE THE FOLLOWING REFERENCE ++++
U. Essmann, L. Perera, M. L. Berkowitz, T. Darden, H. Lee and L. G. Pedersen 
A smooth particle mesh Ewald method
J. Chem. Phys. 103 (1995) pp. 8577-8592
-------- -------- --- Thank You --- -------- --------

Using a Gaussian width (1/beta) of 0.320163 nm for Ewald
Potential shift: LJ r^-12: -1.000e+00 r^-6: -1.000e+00, Ewald -1.000e-05
Initialized non-bonded Ewald tables, spacing: 9.33e-04 size: 1073

Generated table with 1000 data points for 1-4 COUL.
Tabscale = 500 points/nm
Generated table with 1000 data points for 1-4 LJ6.
Tabscale = 500 points/nm
Generated table with 1000 data points for 1-4 LJ12.
Tabscale = 500 points/nm


Using SIMD 4x4 nonbonded short-range kernels

Using a 4x4 pair-list setup:
  updated every 1 steps, buffer 0.000 nm, rlist 1.000 nm

Using Lorentz-Berthelot Lennard-Jones combination rule
Removing pbc first time

Note that activating steepest-descent energy minimization via the integrator .mdp option and the command gmx mdrun may be available in a different form in a future version of GROMACS, e.g. gmx minimize and an .mdp option.
Initiating Steepest Descents
Started Steepest Descents on rank 0 Fri Oct  4 12:00:41 2024


Steepest Descents:
   Tolerance (Fmax)   =  1.00000e+03
   Number of steps    =        50000
           Step           Time
              0        0.00000

   Energies (kJ/mol)
           Bond            U-B    Proper Dih.          LJ-14     Coulomb-14
    1.32181e+04    2.16380e+04    1.87427e+04    2.52938e+03   -2.15522e+05
        LJ (SR)   Coulomb (SR)   Coul. recip.      Potential Pressure (bar)
    8.19040e+04    6.62252e+04    7.84504e+03   -3.41994e+03    1.71427e+04

           Step           Time
              1        1.00000

   Energies (kJ/mol)
           Bond            U-B    Proper Dih.          LJ-14     Coulomb-14
    1.24777e+04    2.15685e+04    1.87429e+04    2.52265e+03   -2.15545e+05
        LJ (SR)   Coulomb (SR)   Coul. recip.      Potential Pressure (bar)
    6.12397e+04    6.62105e+04    7.85617e+03   -2.49268e+04    1.59258e+04

           Step           Time
              2        2.00000

   Energies (kJ/mol)
           Bond            U-B    Proper Dih.          LJ-14     Coulomb-14
    1.10119e+04    2.16769e+04    1.87517e+04    2.49486e+03   -2.15606e+05
        LJ (SR)   Coulomb (SR)   Coul. recip.      Potential Pressure (bar)
    3.32347e+04    6.61518e+04    7.89337e+03   -5.43912e+04    1.39285e+04

           Step           Time
              3        3.00000

   Energies (kJ/mol)
           Bond            U-B    Proper Dih.          LJ-14     Coulomb-14
    8.34297e+03    2.28738e+04    1.88083e+04    2.38706e+03   -2.15726e+05
        LJ (SR)   Coulomb (SR)   Coul. recip.      Potential Pressure (bar)
    7.92805e+03    6.59561e+04    7.99732e+03   -8.14320e+04    1.05103e+04

           Step           Time
              4        4.00000

   Energies (kJ/mol)
           Bond            U-B    Proper Dih.          LJ-14     Coulomb-14
    2.75875e+03    2.42446e+04    1.88333e+04    2.26789e+03   -2.15592e+05
        LJ (SR)   Coulomb (SR)   Coul. recip.      Potential Pressure (bar)
   -2.18868e+03    6.58615e+04    8.02674e+03   -9.57876e+04    5.28526e+03

           Step           Time
              5        5.00000

   Energies (kJ/mol)
           Bond            U-B    Proper Dih.          LJ-14     Coulomb-14
    7.10451e+03    2.27656e+04    1.86233e+04    2.22493e+03   -2.15479e+05
        LJ (SR)   Coulomb (SR)   Coul. recip.      Potential Pressure (bar)
   -7.32931e+03    6.59945e+04    8.00673e+03   -9.80886e+04    4.69919e+03

           Step           Time
              6        6.00000

   Energies (kJ/mol)
           Bond            U-B    Proper Dih.          LJ-14     Coulomb-14
    2.67494e+03    2.36564e+04    1.87236e+04    2.24746e+03   -2.15501e+05
        LJ (SR)   Coulomb (SR)   Coul. recip.      Potential Pressure (bar)
   -5.37067e+03    6.60065e+04    7.99659e+03   -9.95666e+04    4.44938e+03

           Step           Time
              7        7.00000

   Energies (kJ/mol)
           Bond            U-B    Proper Dih.          LJ-14     Coulomb-14
    5.68433e+03    2.24462e+04    1.85587e+04    2.22858e+03   -2.15450e+05
        LJ (SR)   Coulomb (SR)   Coul. recip.      Potential Pressure (bar)
   -9.27654e+03    6.60303e+04    7.99778e+03   -1.01781e+05    4.14381e+03

           Step           Time
              8        8.00000

           Step           Time
              9        9.00000

   Energies (kJ/mol)
           Bond            U-B    Proper Dih.          LJ-14     Coulomb-14
    1.65099e+03    2.22369e+04    1.85719e+04    2.23840e+03   -2.15453e+05
        LJ (SR)   Coulomb (SR)   Coul. recip.      Potential Pressure (bar)
   -8.63175e+03    6.60521e+04    7.98930e+03   -1.05345e+05    4.15870e+03

           Step           Time
             10       10.00000

   Energies (kJ/mol)
           Bond            U-B    Proper Dih.          LJ-14     Coulomb-14
    4.46525e+03    2.19604e+04    1.84766e+04    2.21436e+03   -2.15409e+05
        LJ (SR)   Coulomb (SR)   Coul. recip.      Potential Pressure (bar)
   -1.13991e+04    6.60816e+04    7.98459e+03   -1.05625e+05    3.69650e+03

           Step           Time
             11       11.00000

   Energies (kJ/mol)
           Bond            U-B    Proper Dih.          LJ-14     Coulomb-14
    1.49021e+03    2.17961e+04    1.84751e+04    2.23561e+03   -2.15407e+05
        LJ (SR)   Coulomb (SR)   Coul. recip.      Potential Pressure (bar)
   -1.07878e+04    6.61061e+04    7.97458e+03   -1.08117e+05    3.80672e+03

           Step           Time
             12       12.00000

           Step           Time
             13       13.00000

   Energies (kJ/mol)
           Bond            U-B    Proper Dih.          LJ-14     Coulomb-14
    1.90427e+03    2.13472e+04    1.84369e+04    2.21323e+03   -2.15399e+05
        LJ (SR)   Coulomb (SR)   Coul. recip.      Potential Pressure (bar)
   -1.17617e+04    6.61002e+04    7.97754e+03   -1.09181e+05    3.70820e+03

           Step           Time
             14       14.00000

           Step           Time
             15       15.00000

   Energies (kJ/mol)
           Bond            U-B    Proper Dih.          LJ-14     Coulomb-14
    1.30443e+03    2.13125e+04    1.84234e+04    2.21709e+03   -2.15392e+05
        LJ (SR)   Coulomb (SR)   Coul. recip.      Potential Pressure (bar)
   -1.18125e+04    6.61094e+04    7.97288e+03   -1.09864e+05    3.70973e+03

           Step           Time
             16       16.00000

   Energies (kJ/mol)
           Bond            U-B    Proper Dih.          LJ-14     Coulomb-14
    1.87722e+03    2.10607e+04    1.83953e+04    2.19147e+03   -2.15380e+05
        LJ (SR)   Coulomb (SR)   Coul. recip.      Potential Pressure (bar)
   -1.26358e+04    6.61058e+04    7.97455e+03   -1.10410e+05    3.60043e+03

           Step           Time
             17       17.00000

   Energies (kJ/mol)
           Bond            U-B    Proper Dih.          LJ-14     Coulomb-14
    1.37043e+03    2.11275e+04    1.83801e+04    2.19867e+03   -2.15369e+05
        LJ (SR)   Coulomb (SR)   Coul. recip.      Potential Pressure (bar)
   -1.26116e+04    6.61164e+04    7.96820e+03   -1.10820e+05    3.60952e+03

           Step           Time
             18       18.00000

   Energies (kJ/mol)
           Bond            U-B    Proper Dih.          LJ-14     Coulomb-14
    2.06939e+03    2.08525e+04    1.83594e+04    2.16380e+03   -2.15358e+05
        LJ (SR)   Coulomb (SR)   Coul. recip.      Potential Pressure (bar)
   -1.34163e+04    6.61072e+04    7.97269e+03   -1.11250e+05    3.48808e+03

           Step           Time
             19       19.00000

           Step           Time
             20       20.00000

   Energies (kJ/mol)
           Bond            U-B    Proper Dih.          LJ-14     Coulomb-14
    1.20889e+03    2.07096e+04    1.83401e+04    2.17170e+03   -2.15352e+05
        LJ (SR)   Coulomb (SR)   Coul. recip.      Potential Pressure (bar)
   -1.33480e+04    6.61143e+04    7.96802e+03   -1.12188e+05    3.51481e+03

           Step           Time
             21       21.00000

   Energies (kJ/mol)
           Bond            U-B    Proper Dih.          LJ-14     Coulomb-14
    2.06924e+03    2.05550e+04    1.83088e+04    2.12143e+03   -2.15324e+05
        LJ (SR)   Coulomb (SR)   Coul. recip.      Potential Pressure (bar)
   -1.43661e+04    6.61080e+04    7.96956e+03   -1.12558e+05    3.33932e+03

           Step           Time
             22       22.00000

   Energies (kJ/mol)
           Bond            U-B    Proper Dih.          LJ-14     Coulomb-14
    1.25160e+03    2.04695e+04    1.82805e+04    2.13701e+03   -2.15316e+05
        LJ (SR)   Coulomb (SR)   Coul. recip.      Potential Pressure (bar)
   -1.42559e+04    6.61177e+04    7.96246e+03   -1.13353e+05    3.38535e+03

           Step           Time
             23       23.00000

           Step           Time
             24       24.00000

   Energies (kJ/mol)
           Bond            U-B    Proper Dih.          LJ-14     Coulomb-14
    1.29967e+03    2.02298e+04    1.82715e+04    2.11116e+03   -2.15308e+05
        LJ (SR)   Coulomb (SR)   Coul. recip.      Potential Pressure (bar)
   -1.46315e+04    6.61113e+04    7.96565e+03   -1.13950e+05    3.31745e+03

           Step           Time
             25       25.00000

           Step           Time
             26       26.00000

   Energies (kJ/mol)
           Bond            U-B    Proper Dih.          LJ-14     Coulomb-14
    1.13072e+03    2.02036e+04    1.82475e+04    2.10952e+03   -2.15296e+05
        LJ (SR)   Coulomb (SR)   Coul. recip.      Potential Pressure (bar)
   -1.47654e+04    6.61154e+04    7.96155e+03   -1.14293e+05    3.30869e+03

           Step           Time
             27       27.00000

   Energies (kJ/mol)
           Bond            U-B    Proper Dih.          LJ-14     Coulomb-14
    1.30979e+03    2.00577e+04    1.82403e+04    2.08277e+03   -2.15285e+05
        LJ (SR)   Coulomb (SR)   Coul. recip.      Potential Pressure (bar)
   -1.51182e+04    6.61095e+04    7.96422e+03   -1.14639e+05    3.23806e+03

           Step           Time
             28       28.00000

   Energies (kJ/mol)
           Bond            U-B    Proper Dih.          LJ-14     Coulomb-14
    1.29452e+03    2.01612e+04    1.82102e+04    2.08595e+03   -2.15270e+05
        LJ (SR)   Coulomb (SR)   Coul. recip.      Potential Pressure (bar)
   -1.52327e+04    6.61162e+04    7.95786e+03   -1.14677e+05    3.23810e+03

           Step           Time
             29       29.00000

   Energies (kJ/mol)
           Bond            U-B    Proper Dih.          LJ-14     Coulomb-14
    1.43350e+03    1.99250e+04    1.82104e+04    2.04975e+03   -2.15261e+05
        LJ (SR)   Coulomb (SR)   Coul. recip.      Potential Pressure (bar)
   -1.56180e+04    6.61065e+04    7.96328e+03   -1.15190e+05    3.15005e+03

           Step           Time
             30       30.00000

           Step           Time
             31       31.00000

   Energies (kJ/mol)
           Bond            U-B    Proper Dih.          LJ-14     Coulomb-14
    1.05987e+03    1.98490e+04    1.81848e+04    2.05700e+03   -2.15253e+05
        LJ (SR)   Coulomb (SR)   Coul. recip.      Potential Pressure (bar)
   -1.56348e+04    6.61119e+04    7.95862e+03   -1.15667e+05    3.16995e+03

           Step           Time
             32       32.00000

   Energies (kJ/mol)
           Bond            U-B    Proper Dih.          LJ-14     Coulomb-14
    1.48858e+03    1.97994e+04    1.81802e+04    2.01821e+03   -2.15236e+05
        LJ (SR)   Coulomb (SR)   Coul. recip.      Potential Pressure (bar)
   -1.60600e+04    6.61039e+04    7.96205e+03   -1.15743e+05    3.07057e+03

           Step           Time
             33       33.00000

   Energies (kJ/mol)
           Bond            U-B    Proper Dih.          LJ-14     Coulomb-14
    1.10466e+03    1.97473e+04    1.81477e+04    2.03060e+03   -2.15227e+05
        LJ (SR)   Coulomb (SR)   Coul. recip.      Potential Pressure (bar)
   -1.60585e+04    6.61114e+04    7.95577e+03   -1.16188e+05    3.10253e+03

           Step           Time
             34       34.00000

           Step           Time
             35       35.00000

   Energies (kJ/mol)
           Bond            U-B    Proper Dih.          LJ-14     Coulomb-14
    1.07803e+03    1.95898e+04    1.81465e+04    2.00903e+03   -2.15220e+05
        LJ (SR)   Coulomb (SR)   Coul. recip.      Potential Pressure (bar)
   -1.62550e+04    6.61062e+04    7.95860e+03   -1.16587e+05    3.05415e+03

           Step           Time
             36       36.00000

   Energies (kJ/mol)
           Bond            U-B    Proper Dih.          LJ-14     Coulomb-14
    1.12032e+03    1.96086e+04    1.81090e+04    1.99883e+03   -2.15199e+05
        LJ (SR)   Coulomb (SR)   Coul. recip.      Potential Pressure (bar)
   -1.65065e+04    6.61098e+04    7.95350e+03   -1.16806e+05    3.02637e+03

           Step           Time
             37       37.00000

   Energies (kJ/mol)
           Bond            U-B    Proper Dih.          LJ-14     Coulomb-14
    1.14694e+03    1.94454e+04    1.81122e+04    1.97052e+03   -2.15191e+05
        LJ (SR)   Coulomb (SR)   Coul. recip.      Potential Pressure (bar)
   -1.67319e+04    6.61028e+04    7.95762e+03   -1.17187e+05    2.96382e+03

           Step           Time
             38       38.00000

           Step           Time
             39       39.00000

   Energies (kJ/mol)
           Bond            U-B    Proper Dih.          LJ-14     Coulomb-14
    9.83387e+02    1.94011e+04    1.80915e+04    1.97276e+03   -2.15184e+05
        LJ (SR)   Coulomb (SR)   Coul. recip.      Potential Pressure (bar)
   -1.67845e+04    6.61061e+04    7.95441e+03   -1.17459e+05    2.97075e+03

           Step           Time
             40       40.00000

   Energies (kJ/mol)
           Bond            U-B    Proper Dih.          LJ-14     Coulomb-14
    1.16413e+03    1.93350e+04    1.80832e+04    1.94107e+03   -2.15168e+05
        LJ (SR)   Coulomb (SR)   Coul. recip.      Potential Pressure (bar)
   -1.70816e+04    6.61009e+04    7.95644e+03   -1.17669e+05    2.89808e+03

           Step           Time
             41       41.00000

   Energies (kJ/mol)
           Bond            U-B    Proper Dih.          LJ-14     Coulomb-14
    9.91871e+02    1.93037e+04    1.80569e+04    1.94631e+03   -2.15159e+05
        LJ (SR)   Coulomb (SR)   Coul. recip.      Potential Pressure (bar)
   -1.71292e+04    6.61056e+04    7.95211e+03   -1.17932e+05    2.91202e+03

           Step           Time
             42       42.00000

   Energies (kJ/mol)
           Bond            U-B    Proper Dih.          LJ-14     Coulomb-14
    1.23568e+03    1.92663e+04    1.80597e+04    1.91388e+03   -2.15147e+05
        LJ (SR)   Coulomb (SR)   Coul. recip.      Potential Pressure (bar)
   -1.73799e+04    6.60991e+04    7.95573e+03   -1.17997e+05    2.83840e+03

           Step           Time
             43       43.00000

   Energies (kJ/mol)
           Bond            U-B    Proper Dih.          LJ-14     Coulomb-14
    1.05336e+03    1.92585e+04    1.80267e+04    1.92448e+03   -2.15139e+05
        LJ (SR)   Coulomb (SR)   Coul. recip.      Potential Pressure (bar)
   -1.74098e+04    6.61059e+04    7.94980e+03   -1.18230e+05    2.86422e+03

           Step           Time
             44       44.00000

           Step           Time
             45       45.00000

   Energies (kJ/mol)
           Bond            U-B    Proper Dih.          LJ-14     Coulomb-14
    9.72127e+02    1.91171e+04    1.80289e+04    1.90536e+03   -2.15133e+05
        LJ (SR)   Coulomb (SR)   Coul. recip.      Potential Pressure (bar)
   -1.75360e+04    6.61015e+04    7.95261e+03   -1.18592e+05    2.82529e+03


Steepest Descents converged to Fmax < 1000 in 46 steps
Potential Energy  = -1.1859170e+05
Maximum force     =  7.7588220e+02 on atom 23932
Norm of force     =  4.1016052e+01
Finished mdrun on rank 0 Fri Oct  4 12:00:41 2024

