CHARMM General Force Field (CGenFF) program version 4.0
released June 2024
Copyright (C) 2020 SilcBio LLC
and University of Maryland, School of Pharmacy. All Rights Reserved.

Licensed to:
cgenff server
serverncgenff

License expires: Tue Dec 31 00:00:00 2030

readpar debug: read 683 bonds, 2501 angles, 7460 dihedrals, 203 impropers
               and 375437 characters worth of comments.
readmol2 warning: renaming non-unique atom C to C1 .
readmol2 warning: renaming non-unique atom C to C2 .
readmol2 warning: renaming non-unique atom C to C3 .
readmol2 warning: renaming non-unique atom C to C4 .
readmol2 warning: renaming non-unique atom C to C5 .
readmol2 warning: renaming non-unique atom C to C6 .
readmol2 warning: renaming non-unique atom C to C7 .
readmol2 warning: renaming non-unique atom H to H1 .
readmol2 warning: renaming non-unique atom H to H2 .
readmol2 warning: renaming non-unique atom H to H3 .
readmol2 warning: renaming non-unique atom H to H4 .
readmol2 warning: renaming non-unique atom H to H5 .
readmol2 warning: renaming non-unique atom H to H6 .
readmol2 warning: renaming non-unique atom H to H7 .
readmol2 warning: renaming non-unique atom H to H8 .
readmol2 warning: renaming non-unique atom H to H9 .
readmol2 warning: renaming non-unique atom H to H10 .
readmol2 warning: renaming non-unique atom H to H11 .
readmol2 warning: renaming non-unique atom H to H12 .
readmol2 warning: renaming non-unique atom H to H13 .
readmol2 warning: renaming non-unique atom H to H14 .
readmol2 warning: renaming non-unique atom H to H15 .
readmol2 warning: renaming non-unique atom H to H16 .
readmol2 warning: renaming non-unique atom O to O1 .
readmol2 warning: renaming non-unique atom O to O2 .
Now processing molecule ***** ...
paranalogy debug: finding analogy for dihedral CG331 CG321 CG311 CG301
paranalogy debug: finding analogy for dihedral CG321 CG311 CG301 OG311
paranalogy debug: finding analogy for dihedral CG321 CG301 OG311 HGP1
paranalogy debug: finding analogy for dihedral CG311 CG301 CG321 CG331
paranalogy debug: finding analogy for dihedral OG311 CG301 CG321 CG331
paranalogy debug: finding analogy for dihedral OG311 CG301 CG321 HGA2
paranalogy debug: finding analogy for CG321 CG301 OG311
paranalogy debug: finding analogy for dihedral CG331 CG321 CG311 CG301
paranalogy debug: finding analogy for dihedral CG321 CG311 CG301 OG311
paranalogy debug: finding analogy for dihedral OG311 CG311 CG301 CG321
paranalogy debug: finding analogy for dihedral CG321 CG301 OG311 HGP1
paranalogy debug: finding analogy for dihedral CG311 CG301 CG321 CG331
paranalogy debug: finding analogy for dihedral OG311 CG301 CG321 CG331
paranalogy debug: finding analogy for dihedral OG311 CG301 CG321 HGA2
paranalogy debug: finding analogy for dihedral OG311 CG301 CG321 HGA2
paranalogy debug: finding analogy for CG321 CG301 OG311
